0:0:0:0:0:0:0:1 -  -  [25/02/2018:03:28:03 +0000] "GET / HTTP/1.1" 200 265 
0:0:0:0:0:0:0:1 -  -  [25/02/2018:03:28:04 +0000] "GET /login.bbscs?action=check HTTP/1.1" 404 1388 
0:0:0:0:0:0:0:1 -  -  [25/02/2018:03:28:20 +0000] "GET / HTTP/1.1" 200 265 
0:0:0:0:0:0:0:1 -  -  [25/02/2018:03:28:20 +0000] "GET /login.bbscs?action=check HTTP/1.1" 404 1388 
0:0:0:0:0:0:0:1 -  -  [25/02/2018:03:28:32 +0000] "GET / HTTP/1.1" 200 265 
0:0:0:0:0:0:0:1 -  -  [25/02/2018:03:28:32 +0000] "GET /login.bbscs?action=check HTTP/1.1" 404 1388 
0:0:0:0:0:0:0:1 -  -  [25/02/2018:03:32:19 +0000] "GET / HTTP/1.1" 200 4205 
0:0:0:0:0:0:0:1 -  -  [25/02/2018:03:32:20 +0000] "GET /prototype.js HTTP/1.1" 304 0 
0:0:0:0:0:0:0:1 -  -  [25/02/2018:04:03:21 +0000] "POST /setup.jsp HTTP/1.1" 200 187 
0:0:0:0:0:0:0:1 -  -  [25/02/2018:04:03:31 +0000] "POST /setup.jsp HTTP/1.1" 200 187 
0:0:0:0:0:0:0:1 -  -  [25/02/2018:04:04:13 +0000] "POST /setup.jsp HTTP/1.1" 200 86 
0:0:0:0:0:0:0:1 -  -  [25/02/2018:04:04:15 +0000] "POST /createdb.jsp HTTP/1.1" 200 119 
0:0:0:0:0:0:0:1 -  -  [25/02/2018:04:04:18 +0000] "POST /setup.jsp HTTP/1.1" 200 86 
0:0:0:0:0:0:0:1 -  -  [25/02/2018:04:04:20 +0000] "POST /setup.jsp HTTP/1.1" 200 86 
0:0:0:0:0:0:0:1 -  -  [25/02/2018:04:04:20 +0000] "POST /setup.jsp HTTP/1.1" 200 86 
0:0:0:0:0:0:0:1 -  -  [25/02/2018:04:04:23 +0000] "POST /setup.jsp HTTP/1.1" 200 84 
0:0:0:0:0:0:0:1 -  -  [25/02/2018:04:04:24 +0000] "POST /setup.jsp HTTP/1.1" 200 86 
0:0:0:0:0:0:0:1 -  -  [25/02/2018:04:04:24 +0000] "POST /setup.jsp HTTP/1.1" 200 86 
0:0:0:0:0:0:0:1 -  -  [25/02/2018:04:04:54 +0000] "POST /createdb.jsp HTTP/1.1" 200 119 
0:0:0:0:0:0:0:1 -  -  [25/02/2018:04:04:55 +0000] "POST /createdb.jsp HTTP/1.1" 200 119 
0:0:0:0:0:0:0:1 -  -  [25/02/2018:04:04:55 +0000] "POST /createdb.jsp HTTP/1.1" 200 119 
0:0:0:0:0:0:0:1 -  -  [25/02/2018:04:04:56 +0000] "POST /createdb.jsp HTTP/1.1" 200 119 
0:0:0:0:0:0:0:1 -  -  [25/02/2018:04:04:57 +0000] "POST /createdb.jsp HTTP/1.1" 200 119 
0:0:0:0:0:0:0:1 -  -  [25/02/2018:04:05:18 +0000] "POST /setup.jsp HTTP/1.1" 200 86 
0:0:0:0:0:0:0:1 -  -  [25/02/2018:04:05:18 +0000] "POST /createdb.jsp HTTP/1.1" 200 192 
0:0:0:0:0:0:0:1 -  -  [25/02/2018:04:05:24 +0000] "POST /createdb.jsp HTTP/1.1" 200 119 
0:0:0:0:0:0:0:1 -  -  [25/02/2018:04:05:35 +0000] "POST /setup.jsp HTTP/1.1" 200 86 
0:0:0:0:0:0:0:1 -  -  [25/02/2018:04:05:36 +0000] "POST /createdb.jsp HTTP/1.1" 200 166 
0:0:0:0:0:0:0:1 -  -  [25/02/2018:04:05:37 +0000] "POST /createdb.jsp HTTP/1.1" 200 166 
0:0:0:0:0:0:0:1 -  -  [25/02/2018:04:05:38 +0000] "POST /createdb.jsp HTTP/1.1" 200 166 
0:0:0:0:0:0:0:1 -  -  [25/02/2018:04:05:39 +0000] "POST /createdb.jsp HTTP/1.1" 200 166 
0:0:0:0:0:0:0:1 -  -  [25/02/2018:04:05:43 +0000] "POST /createdb.jsp HTTP/1.1" 200 119 
0:0:0:0:0:0:0:1 -  -  [25/02/2018:04:05:44 +0000] "POST /createdb.jsp HTTP/1.1" 200 119 
0:0:0:0:0:0:0:1 -  -  [25/02/2018:04:05:50 +0000] "POST /setup.jsp HTTP/1.1" 200 86 
0:0:0:0:0:0:0:1 -  -  [25/02/2018:04:05:51 +0000] "POST /createdb.jsp HTTP/1.1" 200 192 
0:0:0:0:0:0:0:1 -  -  [25/02/2018:04:09:53 +0000] "POST /createdb.jsp HTTP/1.1" 200 192 
0:0:0:0:0:0:0:1 -  -  [25/02/2018:04:10:13 +0000] "GET / HTTP/1.1" 200 4205 
0:0:0:0:0:0:0:1 -  -  [25/02/2018:04:10:13 +0000] "GET /prototype.js HTTP/1.1" 304 0 
0:0:0:0:0:0:0:1 -  -  [25/02/2018:04:10:14 +0000] "GET / HTTP/1.1" 200 4205 
0:0:0:0:0:0:0:1 -  -  [25/02/2018:04:10:14 +0000] "GET /prototype.js HTTP/1.1" 304 0 
0:0:0:0:0:0:0:1 -  -  [25/02/2018:04:10:21 +0000] "POST /createdb.jsp HTTP/1.1" 200 192 
0:0:0:0:0:0:0:1 -  -  [25/02/2018:04:10:28 +0000] "GET / HTTP/1.1" 200 4205 
0:0:0:0:0:0:0:1 -  -  [25/02/2018:04:10:28 +0000] "GET /prototype.js HTTP/1.1" 304 0 
0:0:0:0:0:0:0:1 -  -  [25/02/2018:04:11:16 +0000] "GET / HTTP/1.1" 200 4205 
0:0:0:0:0:0:0:1 -  -  [25/02/2018:04:11:17 +0000] "GET /prototype.js HTTP/1.1" 304 0 
0:0:0:0:0:0:0:1 -  -  [25/02/2018:04:11:17 +0000] "GET / HTTP/1.1" 200 4205 
0:0:0:0:0:0:0:1 -  -  [25/02/2018:04:11:17 +0000] "GET /prototype.js HTTP/1.1" 304 0 
0:0:0:0:0:0:0:1 -  -  [25/02/2018:04:11:29 +0000] "POST /createdb.jsp HTTP/1.1" 200 192 
0:0:0:0:0:0:0:1 -  -  [25/02/2018:04:21:56 +0000] "GET / HTTP/1.1" 200 4205 
0:0:0:0:0:0:0:1 -  -  [25/02/2018:04:21:56 +0000] "GET /prototype.js HTTP/1.1" 304 0 
0:0:0:0:0:0:0:1 -  -  [25/02/2018:04:21:57 +0000] "GET / HTTP/1.1" 200 4205 
0:0:0:0:0:0:0:1 -  -  [25/02/2018:04:21:57 +0000] "GET /prototype.js HTTP/1.1" 304 0 
0:0:0:0:0:0:0:1 -  -  [25/02/2018:04:21:57 +0000] "GET / HTTP/1.1" 200 4205 
0:0:0:0:0:0:0:1 -  -  [25/02/2018:04:21:57 +0000] "GET /prototype.js HTTP/1.1" 304 0 
0:0:0:0:0:0:0:1 -  -  [25/02/2018:04:21:57 +0000] "GET / HTTP/1.1" 200 4205 
0:0:0:0:0:0:0:1 -  -  [25/02/2018:04:21:57 +0000] "GET /prototype.js HTTP/1.1" 304 0 
0:0:0:0:0:0:0:1 -  -  [25/02/2018:04:21:57 +0000] "GET / HTTP/1.1" 200 4205 
0:0:0:0:0:0:0:1 -  -  [25/02/2018:04:21:57 +0000] "GET /prototype.js HTTP/1.1" 304 0 
0:0:0:0:0:0:0:1 -  -  [25/02/2018:04:21:58 +0000] "GET / HTTP/1.1" 200 4205 
0:0:0:0:0:0:0:1 -  -  [25/02/2018:04:21:58 +0000] "GET /prototype.js HTTP/1.1" 304 0 
0:0:0:0:0:0:0:1 -  -  [25/02/2018:04:21:58 +0000] "GET / HTTP/1.1" 200 4205 
0:0:0:0:0:0:0:1 -  -  [25/02/2018:04:21:58 +0000] "GET /prototype.js HTTP/1.1" 304 0 
0:0:0:0:0:0:0:1 -  -  [25/02/2018:04:22:06 +0000] "POST /createdb.jsp HTTP/1.1" 200 119 
0:0:0:0:0:0:0:1 -  -  [25/02/2018:04:22:20 +0000] "POST /createdb.jsp HTTP/1.1" 200 192 
0:0:0:0:0:0:0:1 -  -  [25/02/2018:04:23:35 +0000] "GET / HTTP/1.1" 200 4205 
0:0:0:0:0:0:0:1 -  -  [25/02/2018:04:23:35 +0000] "GET /prototype.js HTTP/1.1" 304 0 
0:0:0:0:0:0:0:1 -  -  [25/02/2018:04:23:36 +0000] "GET / HTTP/1.1" 200 4205 
0:0:0:0:0:0:0:1 -  -  [25/02/2018:04:23:36 +0000] "GET /prototype.js HTTP/1.1" 304 0 
0:0:0:0:0:0:0:1 -  -  [25/02/2018:04:23:37 +0000] "GET / HTTP/1.1" 200 4205 
0:0:0:0:0:0:0:1 -  -  [25/02/2018:04:23:37 +0000] "GET /prototype.js HTTP/1.1" 304 0 
0:0:0:0:0:0:0:1 -  -  [25/02/2018:04:23:38 +0000] "GET / HTTP/1.1" 200 4205 
0:0:0:0:0:0:0:1 -  -  [25/02/2018:04:23:38 +0000] "GET /prototype.js HTTP/1.1" 304 0 
0:0:0:0:0:0:0:1 -  -  [25/02/2018:04:23:51 +0000] "POST /createdb.jsp HTTP/1.1" 200 119 
0:0:0:0:0:0:0:1 -  -  [25/02/2018:04:23:58 +0000] "POST /createdb.jsp HTTP/1.1" 200 192 
0:0:0:0:0:0:0:1 -  -  [25/02/2018:04:24:36 +0000] "GET / HTTP/1.1" 200 4205 
0:0:0:0:0:0:0:1 -  -  [25/02/2018:04:24:36 +0000] "GET /prototype.js HTTP/1.1" 200 47445 
0:0:0:0:0:0:0:1 -  -  [25/02/2018:04:26:09 +0000] "POST /createdb.jsp HTTP/1.1" 200 137 
0:0:0:0:0:0:0:1 -  -  [25/02/2018:04:26:10 +0000] "POST /createdb.jsp HTTP/1.1" 200 137 
0:0:0:0:0:0:0:1 -  -  [25/02/2018:04:26:22 +0000] "POST /createdb.jsp HTTP/1.1" 200 137 
0:0:0:0:0:0:0:1 -  -  [25/02/2018:04:26:23 +0000] "POST /createdb.jsp HTTP/1.1" 200 137 
0:0:0:0:0:0:0:1 -  -  [25/02/2018:04:26:23 +0000] "POST /createdb.jsp HTTP/1.1" 200 137 
0:0:0:0:0:0:0:1 -  -  [25/02/2018:04:26:23 +0000] "POST /createdb.jsp HTTP/1.1" 200 137 
0:0:0:0:0:0:0:1 -  -  [25/02/2018:04:26:25 +0000] "GET / HTTP/1.1" 200 4205 
0:0:0:0:0:0:0:1 -  -  [25/02/2018:04:26:25 +0000] "GET /prototype.js HTTP/1.1" 304 0 
0:0:0:0:0:0:0:1 -  -  [25/02/2018:04:26:26 +0000] "POST /createdb.jsp HTTP/1.1" 200 137 
0:0:0:0:0:0:0:1 -  -  [25/02/2018:04:27:13 +0000] "GET / HTTP/1.1" 200 4205 
0:0:0:0:0:0:0:1 -  -  [25/02/2018:04:27:13 +0000] "GET /prototype.js HTTP/1.1" 304 0 
0:0:0:0:0:0:0:1 -  -  [25/02/2018:04:27:14 +0000] "POST /createdb.jsp HTTP/1.1" 200 137 
0:0:0:0:0:0:0:1 -  -  [25/02/2018:04:27:16 +0000] "GET / HTTP/1.1" 200 4205 
0:0:0:0:0:0:0:1 -  -  [25/02/2018:04:27:16 +0000] "GET /prototype.js HTTP/1.1" 304 0 
0:0:0:0:0:0:0:1 -  -  [25/02/2018:04:27:17 +0000] "POST /createdb.jsp HTTP/1.1" 200 137 
0:0:0:0:0:0:0:1 -  -  [25/02/2018:04:31:28 +0000] "GET / HTTP/1.1" 200 4205 
0:0:0:0:0:0:0:1 -  -  [25/02/2018:04:31:29 +0000] "GET /prototype.js HTTP/1.1" 304 0 
0:0:0:0:0:0:0:1 -  -  [25/02/2018:04:31:29 +0000] "GET / HTTP/1.1" 200 4205 
0:0:0:0:0:0:0:1 -  -  [25/02/2018:04:31:29 +0000] "GET /prototype.js HTTP/1.1" 304 0 
0:0:0:0:0:0:0:1 -  -  [25/02/2018:04:31:45 +0000] "POST /createdb.jsp HTTP/1.1" 200 192 
0:0:0:0:0:0:0:1 -  -  [25/02/2018:06:24:14 +0000] "GET / HTTP/1.1" 200 4205 
0:0:0:0:0:0:0:1 -  -  [25/02/2018:06:24:26 +0000] "POST /createdb.jsp HTTP/1.1" 200 172 
0:0:0:0:0:0:0:1 -  -  [25/02/2018:06:24:32 +0000] "POST /createdb.jsp HTTP/1.1" 200 192 
0:0:0:0:0:0:0:1 -  -  [25/02/2018:06:27:43 +0000] "GET / HTTP/1.1" 200 4205 
0:0:0:0:0:0:0:1 -  -  [25/02/2018:06:28:06 +0000] "POST /createdb.jsp HTTP/1.1" 200 77 
0:0:0:0:0:0:0:1 -  -  [25/02/2018:06:29:21 +0000] "GET / HTTP/1.1" 200 265 
0:0:0:0:0:0:0:1 -  -  [25/02/2018:06:29:23 +0000] "GET /css/css1.css HTTP/1.1" 200 12344 
0:0:0:0:0:0:0:1 -  -  [25/02/2018:06:29:21 +0000] "GET /login.bbscs?action=check HTTP/1.1" 200 3851 
0:0:0:0:0:0:0:1 -  -  [25/02/2018:06:29:23 +0000] "GET /authimg HTTP/1.1" 200 1209 
0:0:0:0:0:0:0:1 -  -  [25/02/2018:06:29:59 +0000] "GET / HTTP/1.1" 200 265 
0:0:0:0:0:0:0:1 -  -  [25/02/2018:06:29:59 +0000] "GET /authimg HTTP/1.1" 200 1217 
0:0:0:0:0:0:0:1 -  -  [25/02/2018:06:29:59 +0000] "GET /login.bbscs?action=check HTTP/1.1" 200 3851 
0:0:0:0:0:0:0:1 -  -  [25/02/2018:06:30:03 +0000] "GET /js/comm.js HTTP/1.1" 200 6870 
0:0:0:0:0:0:0:1 -  -  [25/02/2018:06:30:03 +0000] "GET /js/prototype.js HTTP/1.1" 200 73774 
0:0:0:0:0:0:0:1 -  -  [25/02/2018:06:30:03 +0000] "GET /authimg HTTP/1.1" 200 1276 
0:0:0:0:0:0:0:1 -  -  [25/02/2018:06:30:02 +0000] "GET /reg/input.bbscs HTTP/1.1" 200 6904 
0:0:0:0:0:0:0:1 -  -  [25/02/2018:06:30:03 +0000] "GET /js/jsMsg.jsp HTTP/1.1" 200 1770 
0:0:0:0:0:0:0:1 -  -  [25/02/2018:06:30:04 +0000] "GET /login.bbscs?action=check HTTP/1.1" 200 3851 
0:0:0:0:0:0:0:1 -  -  [25/02/2018:06:30:06 +0000] "GET /main.bbscs HTTP/1.1" 200 2267 
0:0:0:0:0:0:0:1 -  -  [25/02/2018:06:30:06 +0000] "GET /nag.bbscs HTTP/1.1" 200 5266 
0:0:0:0:0:0:0:1 -  -  [25/02/2018:06:30:06 +0000] "GET /images/expand.gif HTTP/1.1" 200 127 
0:0:0:0:0:0:0:1 -  -  [25/02/2018:06:30:06 +0000] "GET /images/node.gif HTTP/1.1" 200 111 
0:0:0:0:0:0:0:1 -  -  [25/02/2018:06:30:06 +0000] "GET /js/xmlHttpRequest.js HTTP/1.1" 200 21492 
0:0:0:0:0:0:0:1 -  -  [25/02/2018:06:30:07 +0000] "GET /images/signalnode.gif HTTP/1.1" 200 124 
0:0:0:0:0:0:0:1 -  -  [25/02/2018:06:30:06 +0000] "GET /js/jsMsg.jsp HTTP/1.1" 200 1770 
0:0:0:0:0:0:0:1 -  -  [25/02/2018:06:30:07 +0000] "GET /css/incss.css HTTP/1.1" 200 2206 
0:0:0:0:0:0:0:1 -  -  [25/02/2018:06:30:07 +0000] "GET /images/rss200.png HTTP/1.1" 200 282 
0:0:0:0:0:0:0:1 -  -  [25/02/2018:06:30:06 +0000] "GET /in.bbscs HTTP/1.1" 200 11247 
0:0:0:0:0:0:0:1 -  -  [25/02/2018:06:30:07 +0000] "GET /authimg HTTP/1.1" 200 1314 
0:0:0:0:0:0:0:1 -  -  [25/02/2018:06:30:32 +0000] "GET /in.bbscs HTTP/1.1" 200 11247 
